# JRE version: OpenJDK Runtime Environment (8.0_112-b05) (build 1.8.0_112-release-b05)
# Java VM: OpenJDK 64-Bit Server VM (25.112-b05 mixed mode bsd-amd64 compressed oops)
Heap:
 PSYoungGen      total 47616K, used 33323K [0x00000007a0000000, 0x00000007a3500000, 0x00000007c0000000)
  eden space 40960K, 65% used [0x00000007a0000000,0x00000007a1a0e550,0x00000007a2800000)
  from space 6656K, 99% used [0x00000007a2e80000,0x00000007a34fc778,0x00000007a3500000)
  to   space 6656K, 0% used [0x00000007a2800000,0x00000007a2800000,0x00000007a2e80000)
 ParOldGen       total 109568K, used 2558K [0x0000000760000000, 0x0000000766b00000, 0x00000007a0000000)
  object space 109568K, 2% used [0x0000000760000000,0x000000076027f8c8,0x0000000766b00000)
 Metaspace       used 19119K, capacity 19464K, committed 19840K, reserved 1067008K
  class space    used 2482K, capacity 2625K, committed 2688K, reserved 1048576K
GC Heap History (4 events):
Event: 1.245 GC heap before
{Heap before GC invocations=1 (full 0):
 PSYoungGen      total 47616K, used 40960K [0x00000007a0000000, 0x00000007a3500000, 0x00000007c0000000)
  eden space 40960K, 100% used [0x00000007a0000000,0x00000007a2800000,0x00000007a2800000)
  from space 6656K, 0% used [0x00000007a2e80000,0x00000007a2e80000,0x00000007a3500000)
  to   space 6656K, 0% used [0x00000007a2800000,0x00000007a2800000,0x00000007a2e80000)
 ParOldGen       total 109568K, used 0K [0x0000000760000000, 0x0000000766b00000, 0x00000007a0000000)
  object space 109568K, 0% used [0x0000000760000000,0x0000000760000000,0x0000000766b00000)
 Metaspace       used 8186K, capacity 8370K, committed 8576K, reserved 1056768K
  class space    used 1064K, capacity 1125K, committed 1152K, reserved 1048576K
Event: 1.252 GC heap after
Heap after GC invocations=1 (full 0):
 PSYoungGen      total 47616K, used 5727K [0x00000007a0000000, 0x00000007a3500000, 0x00000007c0000000)
  eden space 40960K, 0% used [0x00000007a0000000,0x00000007a0000000,0x00000007a2800000)
  from space 6656K, 86% used [0x00000007a2800000,0x00000007a2d97fc8,0x00000007a2e80000)
  to   space 6656K, 0% used [0x00000007a2e80000,0x00000007a2e80000,0x00000007a3500000)
 ParOldGen       total 109568K, used 8K [0x0000000760000000, 0x0000000766b00000, 0x00000007a0000000)
  object space 109568K, 0% used [0x0000000760000000,0x0000000760002000,0x0000000766b00000)
 Metaspace       used 8186K, capacity 8370K, committed 8576K, reserved 1056768K
  class space    used 1064K, capacity 1125K, committed 1152K, reserved 1048576K
}
Event: 2.256 GC heap before
{Heap before GC invocations=2 (full 0):
 PSYoungGen      total 47616K, used 46687K [0x00000007a0000000, 0x00000007a3500000, 0x00000007c0000000)
  eden space 40960K, 100% used [0x00000007a0000000,0x00000007a2800000,0x00000007a2800000)
  from space 6656K, 86% used [0x00000007a2800000,0x00000007a2d97fc8,0x00000007a2e80000)
  to   space 6656K, 0% used [0x00000007a2e80000,0x00000007a2e80000,0x00000007a3500000)
 ParOldGen       total 109568K, used 8K [0x0000000760000000, 0x0000000766b00000, 0x00000007a0000000)
  object space 109568K, 0% used [0x0000000760000000,0x0000000760002000,0x0000000766b00000)
 Metaspace       used 16333K, capacity 16672K, committed 16896K, reserved 1064960K
  class space    used 2147K, capacity 2258K, committed 2304K, reserved 1048576K
Event: 2.268 GC heap after
Heap after GC invocations=2 (full 0):
 PSYoungGen      total 47616K, used 6641K [0x00000007a0000000, 0x00000007a3500000, 0x00000007c0000000)
  eden space 40960K, 0% used [0x00000007a0000000,0x00000007a0000000,0x00000007a2800000)
  from space 6656K, 99% used [0x00000007a2e80000,0x00000007a34fc778,0x00000007a3500000)
  to   space 6656K, 0% used [0x00000007a2800000,0x00000007a2800000,0x00000007a2e80000)
 ParOldGen       total 109568K, used 2558K [0x0000000760000000, 0x0000000766b00000, 0x00000007a0000000)
  object space 109568K, 2% used [0x0000000760000000,0x000000076027f8c8,0x0000000766b00000)
 Metaspace       used 16333K, capacity 16672K, committed 16896K, reserved 1064960K
  class space    used 2147K, capacity 2258K, committed 2304K, reserved 1048576K
}

